#
# A fatal error has been detected by the Java Runtime Environment:
#
#  Internal Error (javaCalls.cpp:51), pid=16208, tid=0x000000000000507c
#  guarantee(thread->is_Java_thread()) failed: crucial check - the VM thread cannot and must not escape to Java code
#
# JRE version: Java(TM) SE Runtime Environment (8.0_181-b13) (build 1.8.0_181-b13)
# Java VM: Java HotSpot(TM) 64-Bit Server VM (25.181-b13 mixed mode windows-amd64 compressed oops)
# Failed to write core dump. Minidumps are not enabled by default on client versions of Windows
#
# If you would like to submit a bug report, please visit:
#   http://bugreport.java.com/bugreport/crash.jsp
#

---------------  T H R E A D  ---------------

Current thread (0x0000000017957000):  VMThread [stack: 0x00000000189f0000,0x0000000018af0000] [id=20604]

Stack: [0x00000000189f0000,0x0000000018af0000]
[error occurred during error reporting (printing stack bounds), id 0xc0000005]

Native frames: (J=compiled Java code, j=interpreted, Vv=VM code, C=native code)

VM_Operation (0x00000000193ef930): GetOrSetLocal, mode: safepoint, requested by thread 0x0000000018cfd000


---------------  P R O C E S S  ---------------

Java Threads: ( => current thread )
  0x000000001bd36000 JavaThread "pool-1-thread-6" [_thread_blocked, id=18852, stack(0x0000000000df0000,0x0000000000ef0000)]
  0x000000001bd2e800 JavaThread "pool-1-thread-5" [_thread_blocked, id=21328, stack(0x0000000000bd0000,0x0000000000cd0000)]
  0x000000001bd35000 JavaThread "HikariPool-1 housekeeper" daemon [_thread_blocked, id=5232, stack(0x000000001ed70000,0x000000001ee70000)]
  0x000000001bd34800 JavaThread "DestroyJavaVM" [_thread_blocked, id=18328, stack(0x0000000002c40000,0x0000000002d40000)]
  0x000000001bd2d800 JavaThread "http-nio-8080-Acceptor" daemon [_thread_in_native, id=10492, stack(0x000000001ea70000,0x000000001eb70000)]
  0x000000001bd2d000 JavaThread "http-nio-8080-ClientPoller" daemon [_thread_in_native, id=16156, stack(0x000000001e970000,0x000000001ea70000)]
  0x000000001bd33800 JavaThread "http-nio-8080-exec-10" daemon [_thread_blocked, id=1792, stack(0x000000001e870000,0x000000001e970000)]
  0x000000001bd33000 JavaThread "http-nio-8080-exec-9" daemon [_thread_blocked, id=13660, stack(0x000000001e770000,0x000000001e870000)]
  0x000000001bd32000 JavaThread "http-nio-8080-exec-8" daemon [_thread_blocked, id=24080, stack(0x000000001e670000,0x000000001e770000)]
  0x000000001bd31800 JavaThread "http-nio-8080-exec-7" daemon [_thread_blocked, id=22484, stack(0x000000001e570000,0x000000001e670000)]
  0x000000001bd30000 JavaThread "http-nio-8080-exec-6" daemon [_thread_blocked, id=13452, stack(0x000000001e470000,0x000000001e570000)]
  0x000000001bd2c000 JavaThread "http-nio-8080-exec-5" daemon [_thread_blocked, id=25524, stack(0x000000001e370000,0x000000001e470000)]
  0x000000001bd30800 JavaThread "http-nio-8080-exec-4" daemon [_thread_blocked, id=252, stack(0x000000001e270000,0x000000001e370000)]
  0x000000001b56c000 JavaThread "http-nio-8080-exec-3" daemon [_thread_blocked, id=23648, stack(0x000000001e170000,0x000000001e270000)]
  0x000000001b56b800 JavaThread "http-nio-8080-exec-2" daemon [_thread_blocked, id=18132, stack(0x000000001e070000,0x000000001e170000)]
  0x000000001b56e800 JavaThread "http-nio-8080-exec-1" daemon [_thread_blocked, id=9604, stack(0x000000001df70000,0x000000001e070000)]
  0x000000001b570000 JavaThread "http-nio-8080-BlockPoller" daemon [_thread_in_native, id=12848, stack(0x000000001de70000,0x000000001df70000)]
  0x000000001b56f000 JavaThread "pool-1-thread-4" [_thread_blocked, id=21000, stack(0x000000001dd70000,0x000000001de70000)]
  0x000000001b569000 JavaThread "org.springframework.amqp.rabbit.RabbitListenerEndpointContainer#1-1" [_thread_blocked, id=20804, stack(0x000000001dc70000,0x000000001dd70000)]
  0x000000001b56d800 JavaThread "pool-1-thread-3" [_thread_blocked, id=17284, stack(0x000000001db70000,0x000000001dc70000)]
  0x000000001b56d000 JavaThread "org.springframework.amqp.rabbit.RabbitListenerEndpointContainer#0-1" [_thread_blocked, id=18964, stack(0x000000001da70000,0x000000001db70000)]
  0x000000001bcca800 JavaThread "pool-1-thread-2" [_thread_blocked, id=24128, stack(0x000000001d670000,0x000000001d770000)]
  0x000000001bcbd800 JavaThread "AMQP Connection 127.0.0.1:5672" [_thread_in_native, id=24856, stack(0x000000001d570000,0x000000001d670000)]
  0x000000001bb1f000 JavaThread "container-0" [_thread_blocked, id=14308, stack(0x000000001d170000,0x000000001d270000)]
  0x000000001bb03800 JavaThread "Catalina-utility-2" [_thread_blocked, id=19344, stack(0x000000001ce70000,0x000000001cf70000)]
  0x000000001bb03000 JavaThread "Catalina-utility-1" [_thread_blocked, id=22264, stack(0x000000001c170000,0x000000001c270000)]
  0x000000001b83a800 JavaThread "Abandoned connection cleanup thread" daemon [_thread_blocked, id=8576, stack(0x000000001a8a0000,0x000000001a9a0000)]
  0x0000000019d22800 JavaThread "RMI TCP Accept-0" daemon [_thread_in_native, id=22636, stack(0x000000001a3f0000,0x000000001a4f0000)]
  0x0000000019cb9800 JavaThread "RMI TCP Accept-50485" daemon [_thread_in_native, id=16448, stack(0x000000001a2f0000,0x000000001a3f0000)]
  0x0000000019cad000 JavaThread "RMI TCP Accept-0" daemon [_thread_in_native, id=11296, stack(0x000000001a1f0000,0x000000001a2f0000)]
  0x0000000018da2800 JavaThread "Service Thread" daemon [_thread_blocked, id=6588, stack(0x00000000198f0000,0x00000000199f0000)]
  0x0000000018d21000 JavaThread "C1 CompilerThread2" daemon [_thread_blocked, id=10004, stack(0x00000000197f0000,0x00000000198f0000)]
  0x0000000018d1d800 JavaThread "C2 CompilerThread1" daemon [_thread_blocked, id=23816, stack(0x00000000196f0000,0x00000000197f0000)]
  0x0000000018d1a000 JavaThread "C2 CompilerThread0" daemon [_thread_blocked, id=8184, stack(0x00000000195f0000,0x00000000196f0000)]
  0x0000000018d0b800 JavaThread "JDWP Command Reader" daemon [_thread_in_native, id=1712, stack(0x00000000194f0000,0x00000000195f0000)]
  0x0000000018d0a000 JavaThread "JDWP Event Helper Thread" daemon [_thread_blocked, id=16928, stack(0x00000000193f0000,0x00000000194f0000)]
  0x0000000018cfd000 JavaThread "JDWP Transport Listener: dt_socket" daemon [_thread_blocked, id=11340, stack(0x00000000192f0000,0x00000000193f0000)]
  0x00000000179e9800 JavaThread "Attach Listener" daemon [_thread_blocked, id=15656, stack(0x00000000191f0000,0x00000000192f0000)]
  0x0000000018cf8800 JavaThread "Signal Dispatcher" daemon [_thread_blocked, id=8780, stack(0x00000000190f0000,0x00000000191f0000)]
  0x0000000017980000 JavaThread "Finalizer" daemon [_thread_blocked, id=20980, stack(0x0000000018bf0000,0x0000000018cf0000)]
  0x0000000017959000 JavaThread "Reference Handler" daemon [_thread_blocked, id=12900, stack(0x0000000018af0000,0x0000000018bf0000)]

Other Threads:
=>0x0000000017957000 VMThread [stack: 0x00000000189f0000,0x0000000018af0000] [id=20604]
  0x0000000019d23800 WatcherThread [stack: 0x000000001a4f0000,0x000000001a5f0000] [id=20336]

VM state:at safepoint (normal execution)

VM Mutex/Monitor currently owned by a thread:  ([mutex/lock_event])
[0x0000000002d43cd0] Threads_lock - owner thread: 0x0000000017957000

Heap:
 PSYoungGen      total 221696K, used 113416K [0x00000000d5d80000, 0x00000000e4e80000, 0x0000000100000000)
  eden space 209408K, 48% used [0x00000000d5d80000,0x00000000dc0bc610,0x00000000e2a00000)
  from space 12288K, 96% used [0x00000000e4280000,0x00000000e4e05ce8,0x00000000e4e80000)
  to   space 14848K, 0% used [0x00000000e3180000,0x00000000e3180000,0x00000000e4000000)
 ParOldGen       total 69120K, used 18477K [0x0000000081800000, 0x0000000085b80000, 0x00000000d5d80000)
  object space 69120K, 26% used [0x0000000081800000,0x0000000082a0b498,0x0000000085b80000)
 Metaspace       used 49382K, capacity 51784K, committed 52224K, reserved 1095680K
  class space    used 6188K, capacity 6582K, committed 6656K, reserved 1048576K

Card table byte_map: [0x0000000012200000,0x0000000012600000] byte_map_base: 0x0000000011df4000

Marking Bits: (ParMarkBitMap*) 0x0000000059bf2d00
 Begin Bits: [0x0000000012cb0000, 0x0000000014c50000)
 End Bits:   [0x0000000014c50000, 0x0000000016bf0000)

Polling page: 0x0000000001010000

CodeCache: size=245760Kb used=10695Kb max_used=10903Kb free=235064Kb
 bounds [0x0000000002e40000, 0x00000000038f0000, 0x0000000011e40000]
 total_blobs=5380 nmethods=4829 adapters=470
 compilation: enabled

Compilation events (10 events):
Event: 104.669 Thread 0x0000000018d21000 4938       1       java.util.concurrent.TimeUnit::x (27 bytes)
Event: 104.669 Thread 0x0000000018d21000 nmethod 4938 0x00000000034d4850 code [0x00000000034d49a0, 0x00000000034d4ad0]
Event: 104.814 Thread 0x0000000018d21000 4939       1       org.apache.catalina.webresources.Cache$EvictionOrder::compare (13 bytes)
Event: 104.815 Thread 0x0000000018d21000 nmethod 4939 0x00000000034d4390 code [0x00000000034d4500, 0x00000000034d46f0]
Event: 104.815 Thread 0x0000000018d21000 4940       1       org.apache.catalina.webresources.Cache$EvictionOrder::compare (31 bytes)
Event: 104.816 Thread 0x0000000018d21000 nmethod 4940 0x00000000032d9090 code [0x00000000032d91e0, 0x00000000032d9350]
Event: 108.568 Thread 0x0000000018d21000 4941       1       org.apache.tomcat.util.http.parser.Cookie$ByteBuffer::get (17 bytes)
Event: 108.569 Thread 0x0000000018d21000 nmethod 4941 0x00000000034d4010 code [0x00000000034d4160, 0x00000000034d42b0]
Event: 108.570 Thread 0x0000000018d21000 4942  s    1       java.io.BufferedOutputStream::write (35 bytes)
Event: 108.570 Thread 0x0000000018d21000 nmethod 4942 0x0000000003038690 code [0x0000000003038800, 0x0000000003038b28]

GC Heap History (10 events):
Event: 2.744 GC heap before
{Heap before GC invocations=6 (full 1):
 PSYoungGen      total 71680K, used 66560K [0x00000000d5d80000, 0x00000000da880000, 0x0000000100000000)
  eden space 66560K, 100% used [0x00000000d5d80000,0x00000000d9e80000,0x00000000d9e80000)
  from space 5120K, 0% used [0x00000000da380000,0x00000000da380000,0x00000000da880000)
  to   space 5120K, 0% used [0x00000000d9e80000,0x00000000d9e80000,0x00000000da380000)
 ParOldGen       total 48128K, used 5705K [0x0000000081800000, 0x0000000084700000, 0x00000000d5d80000)
  object space 48128K, 11% used [0x0000000081800000,0x0000000081d92630,0x0000000084700000)
 Metaspace       used 24861K, capacity 25682K, committed 25856K, reserved 1071104K
  class space    used 3342K, capacity 3545K, committed 3584K, reserved 1048576K
Event: 2.751 GC heap after
Heap after GC invocations=6 (full 1):
 PSYoungGen      total 71680K, used 5108K [0x00000000d5d80000, 0x00000000deb00000, 0x0000000100000000)
  eden space 66560K, 0% used [0x00000000d5d80000,0x00000000d5d80000,0x00000000d9e80000)
  from space 5120K, 99% used [0x00000000d9e80000,0x00000000da37d3e8,0x00000000da380000)
  to   space 10240K, 0% used [0x00000000de100000,0x00000000de100000,0x00000000deb00000)
 ParOldGen       total 48128K, used 8449K [0x0000000081800000, 0x0000000084700000, 0x00000000d5d80000)
  object space 48128K, 17% used [0x0000000081800000,0x00000000820404d8,0x0000000084700000)
 Metaspace       used 24861K, capacity 25682K, committed 25856K, reserved 1071104K
  class space    used 3342K, capacity 3545K, committed 3584K, reserved 1048576K
}
Event: 4.163 GC heap before
{Heap before GC invocations=7 (full 1):
 PSYoungGen      total 71680K, used 71668K [0x00000000d5d80000, 0x00000000deb00000, 0x0000000100000000)
  eden space 66560K, 100% used [0x00000000d5d80000,0x00000000d9e80000,0x00000000d9e80000)
  from space 5120K, 99% used [0x00000000d9e80000,0x00000000da37d3e8,0x00000000da380000)
  to   space 10240K, 0% used [0x00000000de100000,0x00000000de100000,0x00000000deb00000)
 ParOldGen       total 48128K, used 8449K [0x0000000081800000, 0x0000000084700000, 0x00000000d5d80000)
  object space 48128K, 17% used [0x0000000081800000,0x00000000820404d8,0x0000000084700000)
 Metaspace       used 31212K, capacity 32594K, committed 32768K, reserved 1077248K
  class space    used 4259K, capacity 4509K, committed 4608K, reserved 1048576K
Event: 4.175 GC heap after
Heap after GC invocations=7 (full 1):
 PSYoungGen      total 132096K, used 10223K [0x00000000d5d80000, 0x00000000dec80000, 0x0000000100000000)
  eden space 121856K, 0% used [0x00000000d5d80000,0x00000000d5d80000,0x00000000dd480000)
  from space 10240K, 99% used [0x00000000de100000,0x00000000deafbca0,0x00000000deb00000)
  to   space 12288K, 0% used [0x00000000dd480000,0x00000000dd480000,0x00000000de080000)
 ParOldGen       total 48128K, used 9626K [0x0000000081800000, 0x0000000084700000, 0x00000000d5d80000)
  object space 48128K, 20% used [0x0000000081800000,0x00000000821669f8,0x0000000084700000)
 Metaspace       used 31212K, capacity 32594K, committed 32768K, reserved 1077248K
  class space    used 4259K, capacity 4509K, committed 4608K, reserved 1048576K
}
Event: 4.692 GC heap before
{Heap before GC invocations=8 (full 1):
 PSYoungGen      total 132096K, used 63893K [0x00000000d5d80000, 0x00000000dec80000, 0x0000000100000000)
  eden space 121856K, 44% used [0x00000000d5d80000,0x00000000d91e9ac8,0x00000000dd480000)
  from space 10240K, 99% used [0x00000000de100000,0x00000000deafbca0,0x00000000deb00000)
  to   space 12288K, 0% used [0x00000000dd480000,0x00000000dd480000,0x00000000de080000)
 ParOldGen       total 48128K, used 9626K [0x0000000081800000, 0x0000000084700000, 0x00000000d5d80000)
  object space 48128K, 20% used [0x0000000081800000,0x00000000821669f8,0x0000000084700000)
 Metaspace       used 33925K, capacity 35400K, committed 35496K, reserved 1079296K
  class space    used 4560K, capacity 4836K, committed 4864K, reserved 1048576K
Event: 4.709 GC heap after
Heap after GC invocations=8 (full 1):
 PSYoungGen      total 134144K, used 12279K [0x00000000d5d80000, 0x00000000e5080000, 0x0000000100000000)
  eden space 121856K, 0% used [0x00000000d5d80000,0x00000000d5d80000,0x00000000dd480000)
  from space 12288K, 99% used [0x00000000dd480000,0x00000000de07dd30,0x00000000de080000)
  to   space 14336K, 0% used [0x00000000e4280000,0x00000000e4280000,0x00000000e5080000)
 ParOldGen       total 48128K, used 10509K [0x0000000081800000, 0x0000000084700000, 0x00000000d5d80000)
  object space 48128K, 21% used [0x0000000081800000,0x00000000822436e8,0x0000000084700000)
 Metaspace       used 33925K, capacity 35400K, committed 35496K, reserved 1079296K
  class space    used 4560K, capacity 4836K, committed 4864K, reserved 1048576K
}
Event: 4.709 GC heap before
{Heap before GC invocations=9 (full 2):
 PSYoungGen      total 134144K, used 12279K [0x00000000d5d80000, 0x00000000e5080000, 0x0000000100000000)
  eden space 121856K, 0% used [0x00000000d5d80000,0x00000000d5d80000,0x00000000dd480000)
  from space 12288K, 99% used [0x00000000dd480000,0x00000000de07dd30,0x00000000de080000)
  to   space 14336K, 0% used [0x00000000e4280000,0x00000000e4280000,0x00000000e5080000)
 ParOldGen       total 48128K, used 10509K [0x0000000081800000, 0x0000000084700000, 0x00000000d5d80000)
  object space 48128K, 21% used [0x0000000081800000,0x00000000822436e8,0x0000000084700000)
 Metaspace       used 33925K, capacity 35400K, committed 35496K, reserved 1079296K
  class space    used 4560K, capacity 4836K, committed 4864K, reserved 1048576K
Event: 4.772 GC heap after
Heap after GC invocations=9 (full 2):
 PSYoungGen      total 134144K, used 0K [0x00000000d5d80000, 0x00000000e5080000, 0x0000000100000000)
  eden space 121856K, 0% used [0x00000000d5d80000,0x00000000d5d80000,0x00000000dd480000)
  from space 12288K, 0% used [0x00000000dd480000,0x00000000dd480000,0x00000000de080000)
  to   space 14336K, 0% used [0x00000000e4280000,0x00000000e4280000,0x00000000e5080000)
 ParOldGen       total 69120K, used 18469K [0x0000000081800000, 0x0000000085b80000, 0x00000000d5d80000)
  object space 69120K, 26% used [0x0000000081800000,0x0000000082a09498,0x0000000085b80000)
 Metaspace       used 33925K, capacity 35400K, committed 35496K, reserved 1079296K
  class space    used 4560K, capacity 4836K, committed 4864K, reserved 1048576K
}
Event: 9.825 GC heap before
{Heap before GC invocations=10 (full 2):
 PSYoungGen      total 134144K, used 121856K [0x00000000d5d80000, 0x00000000e5080000, 0x0000000100000000)
  eden space 121856K, 100% used [0x00000000d5d80000,0x00000000dd480000,0x00000000dd480000)
  from space 12288K, 0% used [0x00000000dd480000,0x00000000dd480000,0x00000000de080000)
  to   space 14336K, 0% used [0x00000000e4280000,0x00000000e4280000,0x00000000e5080000)
 ParOldGen       total 69120K, used 18469K [0x0000000081800000, 0x0000000085b80000, 0x00000000d5d80000)
  object space 69120K, 26% used [0x0000000081800000,0x0000000082a09498,0x0000000085b80000)
 Metaspace       used 43073K, capacity 45282K, committed 45568K, reserved 1089536K
  class space    used 5662K, capacity 6051K, committed 6144K, reserved 1048576K
Event: 9.837 GC heap after
Heap after GC invocations=10 (full 2):
 PSYoungGen      total 221696K, used 11799K [0x00000000d5d80000, 0x00000000e4e80000, 0x0000000100000000)
  eden space 209408K, 0% used [0x00000000d5d80000,0x00000000d5d80000,0x00000000e2a00000)
  from space 12288K, 96% used [0x00000000e4280000,0x00000000e4e05ce8,0x00000000e4e80000)
  to   space 14848K, 0% used [0x00000000e3180000,0x00000000e3180000,0x00000000e4000000)
 ParOldGen       total 69120K, used 18477K [0x0000000081800000, 0x0000000085b80000, 0x00000000d5d80000)
  object space 69120K, 26% used [0x0000000081800000,0x0000000082a0b498,0x0000000085b80000)
 Metaspace       used 43073K, capacity 45282K, committed 45568K, reserved 1089536K
  class space    used 5662K, capacity 6051K, committed 6144K, reserved 1048576K
}

Deoptimization events (0 events):
No events

Classes redefined (2 events):
Event: 64.932 Thread 0x0000000017957000 redefined class name=com.hyxy.controller.BannerController, count=1
Event: 97.446 Thread 0x0000000017957000 redefined class name=com.hyxy.controller.BannerController, count=2

Internal exceptions (10 events):
Event: 33.706 Thread 0x000000001bd2c000 Exception <a 'java/lang/ClassNotFoundException': org/apache/taglibs/standard/tag/common/core/ForEachSupportBeanInfo> (0x00000000da6705e8) thrown at [C:\re\workspace\8-2-build-windows-amd64-cygwin\jdk8u181\11358\hotspot\src\share\vm\classfile\systemDiction
Event: 33.708 Thread 0x000000001bd2c000 Exception <a 'java/lang/ClassNotFoundException': javax/servlet/jsp/jstl/core/LoopTagSupportBeanInfo> (0x00000000da686698) thrown at [C:\re\workspace\8-2-build-windows-amd64-cygwin\jdk8u181\11358\hotspot\src\share\vm\classfile\systemDictionary.cpp, line 21
Event: 33.709 Thread 0x000000001bd2c000 Exception <a 'java/lang/ClassNotFoundException': javax/servlet/jsp/jstl/core/LoopTagSupportCustomizer> (0x00000000da69d2c0) thrown at [C:\re\workspace\8-2-build-windows-amd64-cygwin\jdk8u181\11358\hotspot\src\share\vm\classfile\systemDictionary.cpp, line 
Event: 33.712 Thread 0x000000001bd2c000 Exception <a 'java/lang/ClassNotFoundException': org/apache/taglibs/standard/tag/common/core/ForEachSupportCustomizer> (0x00000000da6c6fe0) thrown at [C:\re\workspace\8-2-build-windows-amd64-cygwin\jdk8u181\11358\hotspot\src\share\vm\classfile\systemDicti
Event: 33.714 Thread 0x000000001bd2c000 Exception <a 'java/lang/ClassNotFoundException': org/apache/taglibs/standard/tag/rt/core/ForEachTagCustomizer> (0x00000000da6e43a0) thrown at [C:\re\workspace\8-2-build-windows-amd64-cygwin\jdk8u181\11358\hotspot\src\share\vm\classfile\systemDictionary.cp
Event: 33.719 Thread 0x000000001bd2c000 Exception <a 'java/lang/ArrayIndexOutOfBoundsException'> (0x00000000da74b690) thrown at [C:\re\workspace\8-2-build-windows-amd64-cygwin\jdk8u181\11358\hotspot\src\share\vm\runtime\sharedRuntime.cpp, line 605]
Event: 50.540 Thread 0x000000001bcbd800 Exception <a 'java/net/SocketTimeoutException': Read timed out> (0x00000000da0a91e0) thrown at [C:\re\workspace\8-2-build-windows-amd64-cygwin\jdk8u181\11358\hotspot\src\share\vm\prims\jni.cpp, line 735]
Event: 65.540 Thread 0x000000001bcbd800 Exception <a 'java/net/SocketTimeoutException': Read timed out> (0x00000000da0a9438) thrown at [C:\re\workspace\8-2-build-windows-amd64-cygwin\jdk8u181\11358\hotspot\src\share\vm\prims\jni.cpp, line 735]
Event: 80.556 Thread 0x000000001bcbd800 Exception <a 'java/net/SocketTimeoutException': Read timed out> (0x00000000da0a96c0) thrown at [C:\re\workspace\8-2-build-windows-amd64-cygwin\jdk8u181\11358\hotspot\src\share\vm\prims\jni.cpp, line 735]
Event: 95.557 Thread 0x000000001bcbd800 Exception <a 'java/net/SocketTimeoutException': Read timed out> (0x00000000da0a9918) thrown at [C:\re\workspace\8-2-build-windows-amd64-cygwin\jdk8u181\11358\hotspot\src\share\vm\prims\jni.cpp, line 735]

Events (10 events):
Event: 108.606 Thread 0x000000001b56d000 DEOPT UNPACKING pc=0x0000000002e87890 sp=0x000000001db6d780 mode 1
Event: 108.607 loading class org/springframework/messaging/handler/annotation/Payload
Event: 108.607 loading class org/springframework/messaging/handler/annotation/Payload done
Event: 108.607 Thread 0x000000001b56d000 DEOPT PACKING pc=0x000000000303fd09 sp=0x000000001db6d750
Event: 108.607 Thread 0x000000001b56d000 DEOPT UNPACKING pc=0x0000000002e87890 sp=0x000000001db6d4a0 mode 1
Event: 108.607 Thread 0x000000001b56d000 DEOPT PACKING pc=0x00000000030182b4 sp=0x000000001db6d7d0
Event: 108.607 Thread 0x000000001b56d000 DEOPT UNPACKING pc=0x0000000002e87890 sp=0x000000001db6d5f0 mode 1
Event: 108.607 Thread 0x000000001b56d000 DEOPT PACKING pc=0x00000000030181fc sp=0x000000001db6d960
Event: 108.607 Thread 0x000000001b56d000 DEOPT UNPACKING pc=0x0000000002e87890 sp=0x000000001db6d780 mode 1
Event: 108.720 Executing VM operation: GetOrSetLocal


Dynamic libraries:
0x00007ff77a8a0000 - 0x00007ff77a8d7000 	C:\Program Files\Java\jre1.8.0_181\bin\javaw.exe
0x00007ff877900000 - 0x00007ff877af0000 	C:\WINDOWS\SYSTEM32\ntdll.dll
0x00007ff8763d0000 - 0x00007ff876482000 	C:\WINDOWS\System32\KERNEL32.DLL
0x00007ff875370000 - 0x00007ff875613000 	C:\WINDOWS\System32\KERNELBASE.dll
0x00007ff877270000 - 0x00007ff877313000 	C:\WINDOWS\System32\ADVAPI32.dll
0x00007ff876f70000 - 0x00007ff87700e000 	C:\WINDOWS\System32\msvcrt.dll
0x00007ff876510000 - 0x00007ff8765a7000 	C:\WINDOWS\System32\sechost.dll
0x00007ff877010000 - 0x00007ff877130000 	C:\WINDOWS\System32\RPCRT4.dll
0x00007ff8765b0000 - 0x00007ff876743000 	C:\WINDOWS\System32\USER32.dll
0x00007ff8757c0000 - 0x00007ff8757e1000 	C:\WINDOWS\System32\win32u.dll
0x00007ff876ce0000 - 0x00007ff876d06000 	C:\WINDOWS\System32\GDI32.dll
0x00007ff875120000 - 0x00007ff8752b4000 	C:\WINDOWS\System32\gdi32full.dll
0x00007ff8758f0000 - 0x00007ff87598e000 	C:\WINDOWS\System32\msvcp_win.dll
0x00007ff8757f0000 - 0x00007ff8758ea000 	C:\WINDOWS\System32\ucrtbase.dll
0x00007ff860b20000 - 0x00007ff860da5000 	C:\WINDOWS\WinSxS\amd64_microsoft.windows.common-controls_6595b64144ccf1df_6.0.18362.295_none_e6c3acbd13101292\COMCTL32.dll
0x00007ff8773d0000 - 0x00007ff877706000 	C:\WINDOWS\System32\combase.dll
0x00007ff875010000 - 0x00007ff875090000 	C:\WINDOWS\System32\bcryptPrimitives.dll
0x00007ff8759b0000 - 0x00007ff8759de000 	C:\WINDOWS\System32\IMM32.DLL
0x0000000059030000 - 0x0000000059102000 	C:\Program Files\Java\jre1.8.0_181\bin\msvcr100.dll
0x00000000593d0000 - 0x0000000059c72000 	C:\Program Files\Java\jre1.8.0_181\bin\server\jvm.dll
0x00007ff876c60000 - 0x00007ff876c68000 	C:\WINDOWS\System32\PSAPI.DLL
0x00007ff870d60000 - 0x00007ff870d69000 	C:\WINDOWS\SYSTEM32\WSOCK32.dll
0x00007ff872540000 - 0x00007ff872564000 	C:\WINDOWS\SYSTEM32\WINMM.dll
0x00007ff86a270000 - 0x00007ff86a27a000 	C:\WINDOWS\SYSTEM32\VERSION.dll
0x00007ff875ab0000 - 0x00007ff875b1f000 	C:\WINDOWS\System32\WS2_32.dll
0x00007ff872510000 - 0x00007ff87253d000 	C:\WINDOWS\SYSTEM32\winmmbase.dll
0x00007ff875620000 - 0x00007ff87566a000 	C:\WINDOWS\System32\cfgmgr32.dll
0x000000005b8d0000 - 0x000000005b8df000 	C:\Program Files\Java\jre1.8.0_181\bin\verify.dll
0x000000005b8a0000 - 0x000000005b8c9000 	C:\Program Files\Java\jre1.8.0_181\bin\java.dll
0x000000005a440000 - 0x000000005a475000 	C:\Program Files\Java\jre1.8.0_181\bin\jdwp.dll
0x000000005a430000 - 0x000000005a438000 	C:\Program Files\Java\jre1.8.0_181\bin\npt.dll
0x000000005ace0000 - 0x000000005acf6000 	C:\Program Files\Java\jre1.8.0_181\bin\zip.dll
0x00007ff875c80000 - 0x00007ff876362000 	C:\WINDOWS\System32\SHELL32.dll
0x00007ff877320000 - 0x00007ff8773c9000 	C:\WINDOWS\System32\shcore.dll
0x00007ff874890000 - 0x00007ff87500c000 	C:\WINDOWS\System32\windows.storage.dll
0x00007ff874800000 - 0x00007ff87481f000 	C:\WINDOWS\System32\profapi.dll
0x00007ff874840000 - 0x00007ff87488a000 	C:\WINDOWS\System32\powrprof.dll
0x00007ff8747d0000 - 0x00007ff8747e0000 	C:\WINDOWS\System32\UMPDC.dll
0x00007ff876370000 - 0x00007ff8763c2000 	C:\WINDOWS\System32\shlwapi.dll
0x00007ff874820000 - 0x00007ff874831000 	C:\WINDOWS\System32\kernel.appcore.dll
0x00007ff875990000 - 0x00007ff8759a7000 	C:\WINDOWS\System32\cryptsp.dll
0x000000005a420000 - 0x000000005a429000 	C:\Program Files\Java\jre1.8.0_181\bin\dt_socket.dll
0x00007ff841390000 - 0x00007ff8413a6000 	C:\WINDOWS\system32\napinsp.dll
0x00007ff841370000 - 0x00007ff84138a000 	C:\WINDOWS\system32\pnrpnsp.dll
0x00007ff873fe0000 - 0x00007ff874047000 	C:\WINDOWS\System32\mswsock.dll
0x00007ff873d30000 - 0x00007ff873dfa000 	C:\WINDOWS\SYSTEM32\DNSAPI.dll
0x00007ff876e90000 - 0x00007ff876e98000 	C:\WINDOWS\System32\NSI.dll
0x00007ff873cf0000 - 0x00007ff873d2a000 	C:\WINDOWS\SYSTEM32\IPHLPAPI.DLL
0x00007ff8509d0000 - 0x00007ff8509de000 	C:\WINDOWS\System32\winrnr.dll
0x00007ff8705a0000 - 0x00007ff8705bc000 	C:\WINDOWS\system32\NLAapi.dll
0x00007ff85b610000 - 0x00007ff85b625000 	C:\WINDOWS\system32\wshbth.dll
0x00007ff869900000 - 0x00007ff869977000 	C:\WINDOWS\System32\fwpuclnt.dll
0x00007ff8750f0000 - 0x00007ff875116000 	C:\WINDOWS\System32\bcrypt.dll
0x00007ff8688f0000 - 0x00007ff8688fa000 	C:\Windows\System32\rasadhlp.dll
0x000000005b890000 - 0x000000005b89d000 	C:\Program Files\Java\jre1.8.0_181\bin\management.dll
0x000000005acc0000 - 0x000000005acda000 	C:\Program Files\Java\jre1.8.0_181\bin\net.dll
0x000000005a4c0000 - 0x000000005a4d1000 	C:\Program Files\Java\jre1.8.0_181\bin\nio.dll
0x00007ff873b50000 - 0x00007ff873b83000 	C:\WINDOWS\system32\rsaenh.dll
0x00007ff8746c0000 - 0x00007ff8746e5000 	C:\WINDOWS\SYSTEM32\USERENV.dll
0x00007ff8741b0000 - 0x00007ff8741bc000 	C:\WINDOWS\SYSTEM32\CRYPTBASE.dll
0x00007ff86a2c0000 - 0x00007ff86a2d6000 	C:\WINDOWS\SYSTEM32\dhcpcsvc6.DLL
0x00007ff86a2a0000 - 0x00007ff86a2bc000 	C:\WINDOWS\SYSTEM32\dhcpcsvc.DLL
0x000000005a490000 - 0x000000005a4b4000 	C:\Program Files\Java\jre1.8.0_181\bin\sunec.dll

VM Arguments:
jvm_args: -agentlib:jdwp=transport=dt_socket,suspend=y,address=localhost:50486 -Dcom.sun.management.jmxremote -Dcom.sun.management.jmxremote.port=50485 -Dcom.sun.management.jmxremote.authenticate=false -Dcom.sun.management.jmxremote.ssl=false -Djava.rmi.server.hostname=localhost -Dspring.jmx.enabled=true -Dspring.application.admin.enabled=true -Xverify:none -XX:TieredStopAtLevel=1 -Dfile.encoding=UTF-8 
java_command: com.hyxy.SsbootApplication
java_class_path (initial): D:\eclipseIDE版本学习\ssboot\target\classes;D:\mavenjar\repository\org\springframework\boot\spring-boot-starter-web\2.1.7.RELEASE\spring-boot-starter-web-2.1.7.RELEASE.jar;D:\mavenjar\repository\org\springframework\boot\spring-boot-starter\2.1.7.RELEASE\spring-boot-starter-2.1.7.RELEASE.jar;D:\mavenjar\repository\org\springframework\boot\spring-boot\2.1.7.RELEASE\spring-boot-2.1.7.RELEASE.jar;D:\mavenjar\repository\org\springframework\boot\spring-boot-autoconfigure\2.1.7.RELEASE\spring-boot-autoconfigure-2.1.7.RELEASE.jar;D:\mavenjar\repository\org\springframework\boot\spring-boot-starter-logging\2.1.7.RELEASE\spring-boot-starter-logging-2.1.7.RELEASE.jar;D:\mavenjar\repository\ch\qos\logback\logback-classic\1.2.3\logback-classic-1.2.3.jar;D:\mavenjar\repository\ch\qos\logback\logback-core\1.2.3\logback-core-1.2.3.jar;D:\mavenjar\repository\org\apache\logging\log4j\log4j-to-slf4j\2.11.2\log4j-to-slf4j-2.11.2.jar;D:\mavenjar\repository\org\apache\logging\log4j\log4j-api\2.11.2\log4j-api-2.11.2.jar;D:\mavenjar\repository\org\slf4j\jul-to-slf4j\1.7.26\jul-to-slf4j-1.7.26.jar;D:\mavenjar\repository\org\yaml\snakeyaml\1.23\snakeyaml-1.23.jar;D:\mavenjar\repository\org\springframework\boot\spring-boot-starter-json\2.1.7.RELEASE\spring-boot-starter-json-2.1.7.RELEASE.jar;D:\mavenjar\repository\com\fasterxml\jackson\datatype\jackson-datatype-jdk8\2.9.9\jackson-datatype-jdk8-2.9.9.jar;D:\mavenjar\repository\com\fasterxml\jackson\datatype\jackson-datatype-jsr310\2.9.9\jackson-datatype-jsr310-2.9.9.jar;D:\mavenjar\repository\com\fasterxml\jackson\module\jackson-module-parameter-names\2.9.9\jackson-module-parameter-names-2.9.9.jar;D:\mavenjar\repository\org\hibernate\validator\hibernate-validator\6.0.17.Final\hibernate-validator-6.0.17.Final.jar;D:\mavenjar\repository\javax\validation\validation-api\2.0.1.Final\validation-api-2.0.1.Final.jar;D:\mavenjar\repository\org\jboss\logging\jboss-logging\3.3.2.Final\jboss-logging-3.3.2.Final.jar;D:\mavenjar\
Launcher Type: SUN_STANDARD

Environment Variables:
JAVA_HOME=C:\Program Files\Java\jdk1.8.0_144
PATH=C:/Program Files/Java/jre1.8.0_181/bin/server;C:/Program Files/Java/jre1.8.0_181/bin;C:/Program Files/Java/jre1.8.0_181/lib/amd64;C:\Program Files (x86)\Common Files\Oracle\Java\javapath;C:\Program Files\Java\jdk1.8.0_144bin;C:\ProgramData\Oracle\Java\javapath;C:\Program Files (x86)\Intel\iCLS Client\;C:\Program Files\Intel\iCLS Client\;C:\WINDOWS\system32;C:\WINDOWS;C:\WINDOWS\System32\Wbem;C:\WINDOWS\System32\WindowsPowerShell\v1.0\;C:\Program Files (x86)\Intel\Intel(R) Management Engine Components\DAL;C:\Program Files\Intel\Intel(R) Management Engine Components\DAL;C:\Program Files (x86)\Intel\Intel(R) Management Engine Components\IPT;C:\Program Files\Intel\Intel(R) Management Engine Components\IPT;C:\WINDOWS\System32\OpenSSH\;C:\Program Files\Java\jdk1.8.0_144\bin;D:\Hadoop\hadoop-2.7.3\bin;D:\Hadoop\hadoop-2.7.3\sbin;D:\scala\bin;D:\qq\下载\649339649\FileRecv\apache-maven-3.6.0\apache-maven-3.6.0\bin;D:\开发工具\VisualSVN\bin;C:\Users\64933\AppData\Local\Microsoft\WindowsApps;;D:\开发工具\eclipse\eclipse;
USERNAME=64933
OS=Windows_NT
PROCESSOR_IDENTIFIER=Intel64 Family 6 Model 142 Stepping 9, GenuineIntel



---------------  S Y S T E M  ---------------

OS: Windows 10.0 , 64 bit Build 18362 (10.0.18362.86)

CPU:total 4 (initial active 4) (2 cores per cpu, 2 threads per core) family 6 model 142 stepping 9, cmov, cx8, fxsr, mmx, sse, sse2, sse3, ssse3, sse4.1, sse4.2, popcnt, avx, avx2, aes, clmul, erms, 3dnowpref, lzcnt, ht, tsc, tscinvbit, bmi1, bmi2, adx

Memory: 4k page, physical 8289404k(1598292k free), swap 13672852k(2529568k free)

vm_info: Java HotSpot(TM) 64-Bit Server VM (25.181-b13) for windows-amd64 JRE (1.8.0_181-b13), built on Jul  7 2018 04:01:33 by "java_re" with MS VC++ 10.0 (VS2010)

time: Thu Sep 05 19:21:00 2019
elapsed time: 108 seconds (0d 0h 1m 48s)

